1552596144.695690 client started (85657): version 2.8, socket /private/tmp/tmux-479753040/default, protocol 8
1552596144.695737 on Darwin 18.2.0 Darwin Kernel Version 18.2.0: Thu Dec 20 20:46:53 PST 2018; root:xnu-4903.241.1~1/RELEASE_X86_64; libevent 2.1.8-stable (select)
1552596144.695779 socket is /private/tmp/tmux-479753040/default
1552596144.695799 trying connect
1552596144.695872 add peer 0x7fc302001000: 6 (0x0)
1552596144.721717 sending message 100 to peer 0x7fc302001000 (4 bytes)
1552596144.721767 sending message 101 to peer 0x7fc302001000 (15 bytes)
1552596144.721779 sending message 102 to peer 0x7fc302001000 (13 bytes)
1552596144.721803 sending message 108 to peer 0x7fc302001000 (28 bytes)
1552596144.721820 sending message 104 to peer 0x7fc302001000 (0 bytes)
1552596144.721828 sending message 107 to peer 0x7fc302001000 (4 bytes)
1552596144.721836 sending message 105 to peer 0x7fc302001000 (76 bytes)
1552596144.721844 sending message 105 to peer 0x7fc302001000 (15 bytes)
1552596144.721851 sending message 105 to peer 0x7fc302001000 (20 bytes)
1552596144.721859 sending message 105 to peer 0x7fc302001000 (52 bytes)
1552596144.721885 sending message 105 to peer 0x7fc302001000 (28 bytes)
1552596144.721893 sending message 105 to peer 0x7fc302001000 (22 bytes)
1552596144.721900 sending message 105 to peer 0x7fc302001000 (61 bytes)
1552596144.721922 sending message 105 to peer 0x7fc302001000 (17 bytes)
1552596144.721952 sending message 105 to peer 0x7fc302001000 (24 bytes)
1552596144.721978 sending message 105 to peer 0x7fc302001000 (121 bytes)
1552596144.722011 sending message 105 to peer 0x7fc302001000 (40 bytes)
1552596144.722023 sending message 105 to peer 0x7fc302001000 (640 bytes)
1552596144.722035 sending message 105 to peer 0x7fc302001000 (32 bytes)
1552596144.722046 sending message 105 to peer 0x7fc302001000 (25 bytes)
1552596144.722058 sending message 105 to peer 0x7fc302001000 (8 bytes)
1552596144.722069 sending message 105 to peer 0x7fc302001000 (66 bytes)
1552596144.722079 sending message 105 to peer 0x7fc302001000 (20 bytes)
1552596144.722100 sending message 105 to peer 0x7fc302001000 (23 bytes)
1552596144.722126 sending message 105 to peer 0x7fc302001000 (27 bytes)
1552596144.722133 sending message 105 to peer 0x7fc302001000 (60 bytes)
1552596144.722141 sending message 105 to peer 0x7fc302001000 (57 bytes)
1552596144.722162 sending message 105 to peer 0x7fc302001000 (49 bytes)
1552596144.722169 sending message 105 to peer 0x7fc302001000 (14 bytes)
1552596144.722176 sending message 105 to peer 0x7fc302001000 (21 bytes)
1552596144.722184 sending message 105 to peer 0x7fc302001000 (14 bytes)
1552596144.722191 sending message 105 to peer 0x7fc302001000 (19 bytes)
1552596144.722199 sending message 105 to peer 0x7fc302001000 (32 bytes)
1552596144.722206 sending message 105 to peer 0x7fc302001000 (105 bytes)
1552596144.722214 sending message 105 to peer 0x7fc302001000 (17 bytes)
1552596144.722221 sending message 105 to peer 0x7fc302001000 (30 bytes)
1552596144.722229 sending message 105 to peer 0x7fc302001000 (22 bytes)
1552596144.722236 sending message 106 to peer 0x7fc302001000 (0 bytes)
1552596144.722248 sending message 200 to peer 0x7fc302001000 (4 bytes)
1552596144.722256 client loop enter
1552596144.722518 peer 0x7fc302001000 message 211
1552596144.722534 client_write: sessions should be nested with care, unset $TMUX to force\n
1552596144.722553 peer 0x7fc302001000 message 203
1552596144.722562 client loop exit
