

times in msec
 clock   self+sourced   self:  sourced script
 clock   elapsed:              other lines

000.013  000.013: --- NVIM STARTING ---
001.152  001.139: locale set
001.775  000.623: inits 1
001.804  000.029: window checked
001.812  000.008: parsing arguments
002.150  000.338: expanding arguments
002.241  000.091: inits 2
002.841  000.600: init highlight
003.018  000.177: waiting for UI
005.231  002.213: done waiting for UI
005.240  000.009: initialized screen early for UI
012.851  007.225  007.225: sourcing /usr/local/Cellar/neovim/0.4.2/share/nvim/runtime/filetype.vim
013.066  000.050  000.050: sourcing /usr/local/Cellar/neovim/0.4.2/share/nvim/runtime/ftplugin.vim
013.232  000.040  000.040: sourcing /usr/local/Cellar/neovim/0.4.2/share/nvim/runtime/indent.vim
013.892  000.293  000.293: sourcing /usr/local/Cellar/neovim/0.4.2/share/nvim/runtime/syntax/syncolor.vim
014.018  000.542  000.250: sourcing /usr/local/Cellar/neovim/0.4.2/share/nvim/runtime/syntax/synload.vim
014.058  000.706  000.163: sourcing /usr/local/Cellar/neovim/0.4.2/share/nvim/runtime/syntax/syntax.vim
016.298  001.804  001.804: sourcing /Users/liambutterworth/.config/nvim/autoload/plug.vim
020.391  002.080  002.080: sourcing /usr/local/Cellar/neovim/0.4.2/share/nvim/runtime/ftoff.vim
031.773  003.951  003.951: sourcing /Users/liambutterworth/.config/nvim/plugs/vim-polyglot/ftdetect/polyglot.vim
031.956  000.023  000.023: sourcing /Users/liambutterworth/.config/nvim/plugs/ultisnips/ftdetect/snippets.vim
032.132  000.015  000.015: sourcing /Users/liambutterworth/.config/nvim/plugs/vim-fugitive/ftdetect/fugitive.vim
032.288  010.345  006.356: sourcing /usr/local/Cellar/neovim/0.4.2/share/nvim/runtime/filetype.vim
032.502  000.015  000.015: sourcing /usr/local/Cellar/neovim/0.4.2/share/nvim/runtime/ftplugin.vim
032.702  000.013  000.013: sourcing /usr/local/Cellar/neovim/0.4.2/share/nvim/runtime/indent.vim
033.725  000.158  000.158: sourcing /usr/local/Cellar/neovim/0.4.2/share/nvim/runtime/syntax/syncolor.vim
034.300  000.134  000.134: sourcing /usr/local/Cellar/neovim/0.4.2/share/nvim/runtime/syntax/syncolor.vim
041.280  008.226  007.934: sourcing /Users/liambutterworth/.config/nvim/plugs/nord-vim/colors/nord.vim
041.411  035.931  005.428: sourcing /Users/liambutterworth/.config/nvim/init.vim
041.422  000.251: sourcing vimrc file(s)
042.180  000.141  000.141: sourcing /Users/liambutterworth/.config/nvim/plugs/vim-gitgutter/autoload/gitgutter/utility.vim
042.724  000.145  000.145: sourcing /Users/liambutterworth/.config/nvim/plugs/vim-gitgutter/autoload/gitgutter/highlight.vim
043.576  001.837  001.551: sourcing /Users/liambutterworth/.config/nvim/plugs/vim-gitgutter/plugin/gitgutter.vim
044.021  000.249  000.249: sourcing /Users/liambutterworth/.config/nvim/plugs/vim-tmux-navigator/plugin/tmux_navigator.vim
044.735  000.550  000.550: sourcing /Users/liambutterworth/.config/nvim/plugs/fzf/plugin/fzf.vim
045.596  000.689  000.689: sourcing /Users/liambutterworth/.config/nvim/plugs/fzf.vim/plugin/fzf.vim
045.913  000.139  000.139: sourcing /Users/liambutterworth/.config/nvim/plugs/vim-easy-align/plugin/easy_align.vim
046.235  000.160  000.160: sourcing /Users/liambutterworth/.config/nvim/plugs/vim-indent-object/plugin/indent-object.vim
046.636  000.091  000.091: sourcing /Users/liambutterworth/.config/nvim/plugs/coc.nvim/autoload/coc/rpc.vim
047.260  000.491  000.491: sourcing /Users/liambutterworth/.config/nvim/plugs/coc.nvim/autoload/coc/util.vim
047.673  000.162  000.162: sourcing /Users/liambutterworth/.config/nvim/plugs/coc.nvim/autoload/coc/client.vim
052.003  005.606  004.862: sourcing /Users/liambutterworth/.config/nvim/plugs/coc.nvim/plugin/coc.vim
052.954  000.089  000.089: sourcing /usr/local/Cellar/neovim/0.4.2/share/nvim/runtime/autoload/provider/pythonx.vim
088.706  000.206  000.206: sourcing /usr/local/Cellar/neovim/0.4.2/share/nvim/runtime/autoload/remote/host.vim
088.807  036.146  035.851: sourcing /usr/local/Cellar/neovim/0.4.2/share/nvim/runtime/autoload/provider/python3.vim
089.340  000.074  000.074: sourcing /Users/liambutterworth/.config/nvim/plugs/ultisnips/autoload/UltiSnips/map_keys.vim
089.466  037.083  000.863: sourcing /Users/liambutterworth/.config/nvim/plugs/ultisnips/plugin/UltiSnips.vim
089.838  000.187  000.187: sourcing /Users/liambutterworth/.config/nvim/plugs/vim-context-commentstring/plugin/context-commentstring.vim
090.185  000.176  000.176: sourcing /Users/liambutterworth/.config/nvim/plugs/vim-commentary/plugin/commentary.vim
090.794  000.424  000.424: sourcing /Users/liambutterworth/.config/nvim/plugs/vim-eunuch/plugin/eunuch.vim
091.836  000.848  000.848: sourcing /Users/liambutterworth/.config/nvim/plugs/vim-fugitive/plugin/fugitive.vim
092.452  000.426  000.426: sourcing /Users/liambutterworth/.config/nvim/plugs/vim-surround/plugin/surround.vim
102.808  010.182  010.182: sourcing /Users/liambutterworth/.config/nvim/plugs/vim-unimpaired/plugin/unimpaired.vim
103.226  000.236  000.236: sourcing /Users/liambutterworth/.config/nvim/plugs/vim-vinegar/plugin/vinegar.vim
103.865  000.207  000.207: sourcing /usr/local/Cellar/neovim/0.4.2/share/nvim/runtime/plugin/gzip.vim
103.944  000.014  000.014: sourcing /usr/local/Cellar/neovim/0.4.2/share/nvim/runtime/plugin/health.vim
104.103  000.082  000.082: sourcing /usr/local/Cellar/neovim/0.4.2/share/nvim/runtime/plugin/man.vim
105.826  000.259  000.259: sourcing /usr/local/Cellar/neovim/0.4.2/share/nvim/runtime/pack/dist/opt/matchit/plugin/matchit.vim
105.880  001.715  001.456: sourcing /usr/local/Cellar/neovim/0.4.2/share/nvim/runtime/plugin/matchit.vim
106.104  000.156  000.156: sourcing /usr/local/Cellar/neovim/0.4.2/share/nvim/runtime/plugin/matchparen.vim
106.642  000.469  000.469: sourcing /usr/local/Cellar/neovim/0.4.2/share/nvim/runtime/plugin/netrwPlugin.vim
106.883  000.156  000.156: sourcing /usr/local/Cellar/neovim/0.4.2/share/nvim/runtime/plugin/rplugin.vim
107.074  000.117  000.117: sourcing /usr/local/Cellar/neovim/0.4.2/share/nvim/runtime/plugin/shada.vim
107.174  000.025  000.025: sourcing /usr/local/Cellar/neovim/0.4.2/share/nvim/runtime/plugin/spellfile.vim
107.389  000.149  000.149: sourcing /usr/local/Cellar/neovim/0.4.2/share/nvim/runtime/plugin/tarPlugin.vim
107.547  000.087  000.087: sourcing /usr/local/Cellar/neovim/0.4.2/share/nvim/runtime/plugin/tohtml.vim
107.634  000.020  000.020: sourcing /usr/local/Cellar/neovim/0.4.2/share/nvim/runtime/plugin/tutor.vim
107.878  000.179  000.179: sourcing /usr/local/Cellar/neovim/0.4.2/share/nvim/runtime/plugin/zipPlugin.vim
107.892  004.302: loading plugins
107.992  000.100: loading packages
108.314  000.107  000.107: sourcing /Users/liambutterworth/.config/nvim/plugs/ultisnips/after/plugin/UltiSnips_after.vim
108.339  000.240: loading after plugins
108.352  000.013: inits 3
111.458  003.107: reading ShaDa
113.348  001.890: opening buffers
113.656  000.140  000.140: sourcing /Users/liambutterworth/.config/nvim/plugs/vim-gitgutter/autoload/gitgutter.vim
114.458  000.970: BufEnter autocommands
114.462  000.004: editing files in windows


times in msec
 clock   self+sourced   self:  sourced script
 clock   elapsed:              other lines

000.013  000.013: --- NVIM STARTING ---
001.105  001.092: locale set
001.683  000.577: inits 1
001.712  000.030: window checked
001.720  000.007: parsing arguments
002.025  000.305: expanding arguments
002.109  000.084: inits 2
002.719  000.610: init highlight
002.908  000.189: waiting for UI
005.074  002.165: done waiting for UI
005.082  000.008: initialized screen early for UI
012.595  007.154  007.154: sourcing /usr/local/Cellar/neovim/0.4.2/share/nvim/runtime/filetype.vim
012.799  000.049  000.049: sourcing /usr/local/Cellar/neovim/0.4.2/share/nvim/runtime/ftplugin.vim
013.085  000.056  000.056: sourcing /usr/local/Cellar/neovim/0.4.2/share/nvim/runtime/indent.vim
013.804  000.336  000.336: sourcing /usr/local/Cellar/neovim/0.4.2/share/nvim/runtime/syntax/syncolor.vim
013.961  000.615  000.279: sourcing /usr/local/Cellar/neovim/0.4.2/share/nvim/runtime/syntax/synload.vim
014.004  000.789  000.174: sourcing /usr/local/Cellar/neovim/0.4.2/share/nvim/runtime/syntax/syntax.vim
016.328  001.849  001.849: sourcing /Users/liambutterworth/.config/nvim/autoload/plug.vim
020.457  001.946  001.946: sourcing /usr/local/Cellar/neovim/0.4.2/share/nvim/runtime/ftoff.vim
032.280  004.029  004.029: sourcing /Users/liambutterworth/.config/nvim/plugs/vim-polyglot/ftdetect/polyglot.vim
032.454  000.016  000.016: sourcing /Users/liambutterworth/.config/nvim/plugs/vim-fugitive/ftdetect/fugitive.vim
032.603  010.609  006.565: sourcing /usr/local/Cellar/neovim/0.4.2/share/nvim/runtime/filetype.vim
032.809  000.015  000.015: sourcing /usr/local/Cellar/neovim/0.4.2/share/nvim/runtime/ftplugin.vim
033.002  000.014  000.014: sourcing /usr/local/Cellar/neovim/0.4.2/share/nvim/runtime/indent.vim
034.039  000.168  000.168: sourcing /usr/local/Cellar/neovim/0.4.2/share/nvim/runtime/syntax/syncolor.vim
034.639  000.162  000.162: sourcing /usr/local/Cellar/neovim/0.4.2/share/nvim/runtime/syntax/syncolor.vim
042.209  008.861  008.531: sourcing /Users/liambutterworth/.config/nvim/plugs/nord-vim/colors/nord.vim
042.310  037.007  005.665: sourcing /Users/liambutterworth/.config/nvim/init.vim
042.318  000.230: sourcing vimrc file(s)
043.059  000.142  000.142: sourcing /Users/liambutterworth/.config/nvim/plugs/vim-gitgutter/autoload/gitgutter/utility.vim
043.658  000.147  000.147: sourcing /Users/liambutterworth/.config/nvim/plugs/vim-gitgutter/autoload/gitgutter/highlight.vim
044.665  002.042  001.753: sourcing /Users/liambutterworth/.config/nvim/plugs/vim-gitgutter/plugin/gitgutter.vim
045.199  000.338  000.338: sourcing /Users/liambutterworth/.config/nvim/plugs/vim-tmux-navigator/plugin/tmux_navigator.vim
046.058  000.635  000.635: sourcing /Users/liambutterworth/.config/nvim/plugs/fzf/plugin/fzf.vim
046.926  000.695  000.695: sourcing /Users/liambutterworth/.config/nvim/plugs/fzf.vim/plugin/fzf.vim
047.227  000.140  000.140: sourcing /Users/liambutterworth/.config/nvim/plugs/vim-easy-align/plugin/easy_align.vim
047.536  000.162  000.162: sourcing /Users/liambutterworth/.config/nvim/plugs/vim-indent-object/plugin/indent-object.vim
047.915  000.093  000.093: sourcing /Users/liambutterworth/.config/nvim/plugs/coc.nvim/autoload/coc/rpc.vim
048.536  000.502  000.502: sourcing /Users/liambutterworth/.config/nvim/plugs/coc.nvim/autoload/coc/util.vim
048.972  000.167  000.167: sourcing /Users/liambutterworth/.config/nvim/plugs/coc.nvim/autoload/coc/client.vim
053.002  005.322  004.560: sourcing /Users/liambutterworth/.config/nvim/plugs/coc.nvim/plugin/coc.vim
053.741  000.443  000.443: sourcing /Users/liambutterworth/.config/nvim/plugs/vim-context-commentstring/plugin/context-commentstring.vim
054.167  000.191  000.191: sourcing /Users/liambutterworth/.config/nvim/plugs/vim-commentary/plugin/commentary.vim
054.891  000.556  000.556: sourcing /Users/liambutterworth/.config/nvim/plugs/vim-eunuch/plugin/eunuch.vim
056.045  000.979  000.979: sourcing /Users/liambutterworth/.config/nvim/plugs/vim-fugitive/plugin/fugitive.vim
056.690  000.442  000.442: sourcing /Users/liambutterworth/.config/nvim/plugs/vim-surround/plugin/surround.vim
067.824  010.897  010.897: sourcing /Users/liambutterworth/.config/nvim/plugs/vim-unimpaired/plugin/unimpaired.vim
068.438  000.393  000.393: sourcing /Users/liambutterworth/.config/nvim/plugs/vim-vinegar/plugin/vinegar.vim
069.144  000.272  000.272: sourcing /usr/local/Cellar/neovim/0.4.2/share/nvim/runtime/plugin/gzip.vim
069.218  000.015  000.015: sourcing /usr/local/Cellar/neovim/0.4.2/share/nvim/runtime/plugin/health.vim
069.372  000.086  000.086: sourcing /usr/local/Cellar/neovim/0.4.2/share/nvim/runtime/plugin/man.vim
070.942  000.259  000.259: sourcing /usr/local/Cellar/neovim/0.4.2/share/nvim/runtime/pack/dist/opt/matchit/plugin/matchit.vim
070.993  001.566  001.307: sourcing /usr/local/Cellar/neovim/0.4.2/share/nvim/runtime/plugin/matchit.vim
071.206  000.154  000.154: sourcing /usr/local/Cellar/neovim/0.4.2/share/nvim/runtime/plugin/matchparen.vim
071.749  000.485  000.485: sourcing /usr/local/Cellar/neovim/0.4.2/share/nvim/runtime/plugin/netrwPlugin.vim
071.983  000.163  000.163: sourcing /usr/local/Cellar/neovim/0.4.2/share/nvim/runtime/plugin/rplugin.vim
072.168  000.117  000.117: sourcing /usr/local/Cellar/neovim/0.4.2/share/nvim/runtime/plugin/shada.vim
072.268  000.027  000.027: sourcing /usr/local/Cellar/neovim/0.4.2/share/nvim/runtime/plugin/spellfile.vim
072.479  000.147  000.147: sourcing /usr/local/Cellar/neovim/0.4.2/share/nvim/runtime/plugin/tarPlugin.vim
072.626  000.084  000.084: sourcing /usr/local/Cellar/neovim/0.4.2/share/nvim/runtime/plugin/tohtml.vim
072.704  000.021  000.021: sourcing /usr/local/Cellar/neovim/0.4.2/share/nvim/runtime/plugin/tutor.vim
072.939  000.176  000.176: sourcing /usr/local/Cellar/neovim/0.4.2/share/nvim/runtime/plugin/zipPlugin.vim
072.948  004.083: loading plugins
073.045  000.097: loading packages
073.111  000.065: loading after plugins
073.124  000.013: inits 3
076.191  003.067: reading ShaDa
077.553  001.362: opening buffers
077.833  000.133  000.133: sourcing /Users/liambutterworth/.config/nvim/plugs/vim-gitgutter/autoload/gitgutter.vim
078.436  000.751: BufEnter autocommands
078.441  000.005: editing files in windows
